GROUP,PACKAGE,CLASS,INSTRUCTION_MISSED,INSTRUCTION_COVERED,BRANCH_MISSED,BRANCH_COVERED,LINE_MISSED,LINE_COVERED,COMPLEXITY_MISSED,COMPLEXITY_COVERED,METHOD_MISSED,METHOD_COVERED
shopping-cart,io.mohsinkd786,A,3,0,0,0,1,0,1,0,1,0
shopping-cart,io.mohsinkd786,Hello,12,0,2,0,5,0,4,0,3,0
shopping-cart,io.mohsinkd786.checkout,OrderProcessingService,9,21,1,1,4,7,4,4,3,4
shopping-cart,io.mohsinkd786.checkout,OrderServiceImpl,11,0,0,0,4,0,2,0,2,0
shopping-cart,io.mohsinkd786.checkout,CardPayment,5,0,0,0,2,0,2,0,2,0
shopping-cart,io.mohsinkd786.checkout,UpiPayment,5,0,0,0,2,0,2,0,2,0
shopping-cart,io.mohsinkd786.dtos,Order,12,26,0,0,4,12,4,7,4,7
